<?xml version="1.0" encoding="UTF-8"?>
<!-- Generated by org.testng.reporters.JUnitXMLReporter -->
<testsuite ignored="4" hostname="LTIN445772" failures="0" tests="3" name="Regression" time="0.175" errors="0" timestamp="2024-08-01T21:40:50 IST">
  <testcase classname="testNG.day2" name="test3" time="0.026"/>
  <testcase classname="testNG.day1" name="test1" time="0.004"/>
  <testcase classname="testNG.CarLoan" name="mobileSignInCar" time="0.005"/>
  <testcase classname="testNG.day1" name="test2" time="0.0">
    <ignored/>
  </testcase> <!-- test2 -->
  <testcase classname="testNG.CarLoan" name="apiLoginCar" time="0.0">
    <ignored/>
  </testcase> <!-- apiLoginCar -->
  <testcase classname="testNG.CarLoan" name="webLoginCar" time="0.0">
    <ignored/>
  </testcase> <!-- webLoginCar -->
  <testcase classname="testNG.CarLoan" name="mobileLoginCar" time="0.0">
    <ignored/>
  </testcase> <!-- mobileLoginCar -->
</testsuite> <!-- Regression -->
