<?xml version="1.0" encoding="UTF-8"?>
<!-- Generated by org.testng.reporters.JUnitXMLReporter -->
<testsuite ignored="2" hostname="LTIN445772" failures="0" tests="5" name="Test2" time="0.068" errors="0" timestamp="2024-08-02T01:58:50 IST">
  <testcase classname="testNG.CarLoan" name="login" time="0.003"/>
  <testcase classname="testNG.CarLoan" name="login" time="0.002"/>
  <testcase classname="testNG.CarLoan" name="login" time="0.002"/>
  <testcase classname="testNG.CarLoan" name="mobileSignInCar" time="0.017"/>
  <testcase classname="testNG.CarLoan" name="webLoginCar" time="0.017"/>
  <testcase classname="testNG.CarLoan" name="apiLoginCar" time="0.0">
    <ignored/>
  </testcase> <!-- apiLoginCar -->
  <testcase classname="testNG.CarLoan" name="mobileLoginCar" time="0.0">
    <ignored/>
  </testcase> <!-- mobileLoginCar -->
</testsuite> <!-- Test2 -->
