<?xml version="1.0" encoding="UTF-8"?>
<!-- Generated by org.testng.reporters.JUnitXMLReporter -->
<testsuite ignored="1" hostname="LTIN445772" failures="0" tests="2" name="Test" time="0.128" errors="0" timestamp="2024-08-02T01:58:50 IST">
  <testcase classname="testNG.day2" name="test3" time="0.028"/>
  <testcase classname="testNG.day1" name="test1" time="0.003"/>
  <testcase classname="testNG.day1" name="test2" time="0.0">
    <ignored/>
  </testcase> <!-- test2 -->
</testsuite> <!-- Test -->
