<?xml version="1.0" encoding="UTF-8"?>
<testng-results ignored="3" total="10" passed="7" failed="0" skipped="0">
  <reporter-output>
  </reporter-output>
  <suite started-at="2024-08-02T01:58:50 IST" name="Suite" finished-at="2024-08-02T01:58:50 IST" duration-ms="479">
    <groups>
      <group name="Somke">
        <method signature="day1.test1()[pri:0, instance:testNG.day1@2b91004a]" name="test1" class="testNG.day1"/>
        <method signature="day2.test3(java.lang.String)[pri:0, instance:testNG.day2@6a84a97d]" name="test3" class="testNG.day2"/>
        <method signature="CarLoan.mobileSignInCar(java.lang.String,java.lang.String)[pri:0, instance:testNG.CarLoan@47e2e487]" name="mobileSignInCar" class="testNG.CarLoan"/>
      </group> <!-- Somke -->
    </groups>
    <test started-at="2024-08-02T01:58:50 IST" name="Test" finished-at="2024-08-02T01:58:50 IST" duration-ms="128">
      <class name="testNG.day1">
        <test-method is-config="true" signature="bt()[pri:0, instance:testNG.day1@2b91004a]" started-at="2024-08-02T01:58:50 IST" name="bt" finished-at="2024-08-02T01:58:50 IST" duration-ms="1" status="PASS">
          <reporter-output>
          </reporter-output>
        </test-method> <!-- bt -->
        <test-method is-config="true" signature="Bfmethod()[pri:0, instance:testNG.day1@2b91004a]" started-at="2024-08-02T01:58:50 IST" name="Bfmethod" finished-at="2024-08-02T01:58:50 IST" duration-ms="1" status="PASS">
          <reporter-output>
          </reporter-output>
        </test-method> <!-- Bfmethod -->
        <test-method signature="test1()[pri:0, instance:testNG.day1@2b91004a]" started-at="2024-08-02T01:58:50 IST" name="test1" finished-at="2024-08-02T01:58:50 IST" duration-ms="3" status="PASS">
          <reporter-output>
          </reporter-output>
        </test-method> <!-- test1 -->
        <test-method is-config="true" signature="Afmethod()[pri:0, instance:testNG.day1@2b91004a]" started-at="2024-08-02T01:58:50 IST" name="Afmethod" finished-at="2024-08-02T01:58:50 IST" duration-ms="1" status="PASS">
          <reporter-output>
          </reporter-output>
        </test-method> <!-- Afmethod -->
        <test-method is-config="true" signature="at()[pri:0, instance:testNG.day1@2b91004a]" started-at="2024-08-02T01:58:50 IST" name="at" finished-at="2024-08-02T01:58:50 IST" duration-ms="1" status="PASS">
          <reporter-output>
          </reporter-output>
        </test-method> <!-- at -->
      </class> <!-- testNG.day1 -->
      <class name="testNG.day2">
        <test-method signature="test3(java.lang.String)[pri:0, instance:testNG.day2@6a84a97d]" started-at="2024-08-02T01:58:50 IST" name="test3" finished-at="2024-08-02T01:58:50 IST" duration-ms="28" status="PASS">
          <params>
            <param index="0">
              <value>
                <![CDATA[qaclickacademy.com]]>
              </value>
            </param>
          </params>
          <reporter-output>
          </reporter-output>
        </test-method> <!-- test3 -->
      </class> <!-- testNG.day2 -->
    </test> <!-- Test -->
    <test started-at="2024-08-02T01:58:50 IST" name="Test2" finished-at="2024-08-02T01:58:50 IST" duration-ms="68">
      <class name="testNG.CarLoan">
        <test-method signature="login(java.lang.String,java.lang.String)[pri:0, instance:testNG.CarLoan@47e2e487]" started-at="2024-08-02T01:58:50 IST" name="login" data-provider="getData" finished-at="2024-08-02T01:58:50 IST" duration-ms="3" status="PASS">
          <params>
            <param index="0">
              <value>
                <![CDATA[username1]]>
              </value>
            </param>
            <param index="1">
              <value>
                <![CDATA[Password1]]>
              </value>
            </param>
          </params>
          <reporter-output>
          </reporter-output>
        </test-method> <!-- login -->
        <test-method signature="login(java.lang.String,java.lang.String)[pri:0, instance:testNG.CarLoan@47e2e487]" started-at="2024-08-02T01:58:50 IST" name="login" data-provider="getData" finished-at="2024-08-02T01:58:50 IST" duration-ms="2" status="PASS">
          <params>
            <param index="0">
              <value>
                <![CDATA[username2]]>
              </value>
            </param>
            <param index="1">
              <value>
                <![CDATA[Password2]]>
              </value>
            </param>
          </params>
          <reporter-output>
          </reporter-output>
        </test-method> <!-- login -->
        <test-method signature="login(java.lang.String,java.lang.String)[pri:0, instance:testNG.CarLoan@47e2e487]" started-at="2024-08-02T01:58:50 IST" name="login" data-provider="getData" finished-at="2024-08-02T01:58:50 IST" duration-ms="2" status="PASS">
          <params>
            <param index="0">
              <value>
                <![CDATA[username3]]>
              </value>
            </param>
            <param index="1">
              <value>
                <![CDATA[Password3]]>
              </value>
            </param>
          </params>
          <reporter-output>
          </reporter-output>
        </test-method> <!-- login -->
        <test-method signature="mobileSignInCar(java.lang.String,java.lang.String)[pri:0, instance:testNG.CarLoan@47e2e487]" started-at="2024-08-02T01:58:50 IST" name="mobileSignInCar" finished-at="2024-08-02T01:58:50 IST" duration-ms="17" status="PASS">
          <params>
            <param index="0">
              <value>
                <![CDATA[homeloancom]]>
              </value>
            </param>
            <param index="1">
              <value>
                <![CDATA[homeloancom/extended]]>
              </value>
            </param>
          </params>
          <reporter-output>
          </reporter-output>
        </test-method> <!-- mobileSignInCar -->
        <test-method signature="webLoginCar()[pri:0, instance:testNG.CarLoan@47e2e487]" started-at="2024-08-02T01:58:50 IST" name="webLoginCar" finished-at="2024-08-02T01:58:50 IST" duration-ms="17" status="PASS">
          <reporter-output>
          </reporter-output>
        </test-method> <!-- webLoginCar -->
      </class> <!-- testNG.CarLoan -->
      <class name="testNG.day1">
        <test-method is-config="true" signature="Bfsuit()[pri:0, instance:testNG.day1@2b91004a]" started-at="2024-08-02T01:58:50 IST" name="Bfsuit" finished-at="2024-08-02T01:58:50 IST" duration-ms="19" status="PASS">
          <reporter-output>
          </reporter-output>
        </test-method> <!-- Bfsuit -->
        <test-method is-config="true" signature="Afsuit()[pri:0, instance:testNG.day1@2b91004a]" started-at="2024-08-02T01:58:50 IST" name="Afsuit" finished-at="2024-08-02T01:58:50 IST" duration-ms="0" status="PASS">
          <reporter-output>
          </reporter-output>
        </test-method> <!-- Afsuit -->
      </class> <!-- testNG.day1 -->
    </test> <!-- Test2 -->
  </suite> <!-- Suite -->
</testng-results>
